#
# There is insufficient memory for the Java Runtime Environment to continue.
# Native memory allocation (malloc) failed to allocate 2122096 bytes for Chunk::new
# Possible reasons:
#   The system is out of physical RAM or swap space
#   The process is running with CompressedOops enabled, and the Java Heap may be blocking the growth of the native heap
# Possible solutions:
#   Reduce memory load on the system
#   Increase physical memory or swap space
#   Check if swap backing store is full
#   Decrease Java heap size (-Xmx/-Xms)
#   Decrease number of Java threads
#   Decrease Java thread stack sizes (-Xss)
#   Set larger code cache with -XX:ReservedCodeCacheSize=
#   JVM is running with Unscaled Compressed Oops mode in which the Java heap is
#     placed in the first 4GB address space. The Java Heap base address is the
#     maximum limit for the native heap growth. Please use -XX:HeapBaseMinAddress
#     to set the Java Heap base and to place the Java Heap above 4GB virtual address.
# This output file may be truncated or incomplete.
#
#  Out of Memory Error (./src/hotspot/share/memory/arena.cpp:197), pid=10176, tid=27804
#
# JRE version: OpenJDK Runtime Environment (11.0.11+9) (build 11.0.11+9-b60-7590822)
# Java VM: OpenJDK 64-Bit Server VM (11.0.11+9-b60-7590822, mixed mode, tiered, compressed oops, g1 gc, windows-amd64)
# No core dump will be written. Minidumps are not enabled by default on client versions of Windows
#

---------------  S U M M A R Y ------------

Command Line: --add-opens=java.base/java.util=ALL-UNNAMED --add-opens=java.base/java.lang=ALL-UNNAMED --add-opens=java.base/java.lang.invoke=ALL-UNNAMED --add-opens=java.base/java.util=ALL-UNNAMED --add-opens=java.prefs/java.util.prefs=ALL-UNNAMED --add-opens=java.prefs/java.util.prefs=ALL-UNNAMED --add-opens=java.base/java.nio.charset=ALL-UNNAMED --add-opens=java.base/java.net=ALL-UNNAMED --add-opens=java.base/java.util.concurrent.atomic=ALL-UNNAMED -Xmx2048m -Dfile.encoding=UTF-8 -Duser.country=US -Duser.language=en -Duser.variant org.gradle.launcher.daemon.bootstrap.GradleDaemon 7.0.2

Host: AMD Ryzen 7 3700U with Radeon Vega Mobile Gfx  , 8 cores, 5G,  Windows 10 , 64 bit Build 22000 (10.0.22000.434)
Time: Thu Feb 17 16:29:44 2022 SE Asia Standard Time elapsed time: 192.050477 seconds (0d 0h 3m 12s)

---------------  T H R E A D  ---------------

Current thread (0x00000284fefbc800):  JavaThread "C2 CompilerThread0" daemon [_thread_in_native, id=27804, stack(0x000000dd7bf00000,0x000000dd7c000000)]


Current CompileTask:
C2: 192051 16193       4       org.gradle.internal.service.DefaultServiceRegistry$OwnServices$ProviderAnalyser::analyseType (114 bytes)

Stack: [0x000000dd7bf00000,0x000000dd7c000000]
Native frames: (J=compiled Java code, j=interpreted, Vv=VM code, C=native code)
V  [jvm.dll+0x5f214a]
V  [jvm.dll+0x726fb5]
V  [jvm.dll+0x7285cd]
V  [jvm.dll+0x728c83]
V  [jvm.dll+0x243278]
V  [jvm.dll+0xbc53c]
V  [jvm.dll+0xbca3c]
V  [jvm.dll+0x353e7d]
V  [jvm.dll+0x321893]
V  [jvm.dll+0x320d8a]
V  [jvm.dll+0x1fc1e2]
V  [jvm.dll+0x1fb3d4]
V  [jvm.dll+0x183d6c]
V  [jvm.dll+0x209a57]
V  [jvm.dll+0x2082a1]
V  [jvm.dll+0x6ef58f]
V  [jvm.dll+0x6e80b5]
V  [jvm.dll+0x5f1036]
C  [ucrtbase.dll+0x26c0c]
C  [KERNEL32.DLL+0x154e0]
C  [ntdll.dll+0x485b]


---------------  P R O C E S S  ---------------

Threads class SMR info:
_java_thread_list=0x000002848ee37a90, length=52, elements={
0x00000284e8b30800, 0x00000284fef9b000, 0x00000284fefa6000, 0x00000284ff932800,
0x00000284fefbb000, 0x00000284fefbb800, 0x00000284fefbc800, 0x00000284fefca800,
0x00000284fefd6800, 0x00000284ffa84800, 0x00000284854fe800, 0x00000284853de800,
0x0000028485597000, 0x000002848618a000, 0x0000028486186000, 0x000002848618b000,
0x0000028486188800, 0x0000028486187000, 0x0000028487dee800, 0x0000028487df1000,
0x0000028487df3800, 0x0000028487df0000, 0x0000028487df7800, 0x0000028487df7000,
0x00000284889bd800, 0x00000284889bc800, 0x00000284889b8800, 0x00000284889be000,
0x00000284889b9000, 0x00000284889c2000, 0x00000284889c3000, 0x0000028489de9800,
0x0000028489dea000, 0x0000028489dec800, 0x0000028489ded800, 0x0000028489de7800,
0x0000028489de8800, 0x0000028489df4800, 0x00000284889c7000, 0x0000028489df3000,
0x0000028489deb800, 0x0000028489de7000, 0x0000028489de6000, 0x0000028489dee000,
0x0000028489def000, 0x0000028489df0000, 0x0000028489df0800, 0x0000028489deb000,
0x0000028489df4000, 0x0000028489df1800, 0x0000028489df2800, 0x0000028487df2000
}

Java Threads: ( => current thread )
  0x00000284e8b30800 JavaThread "main" [_thread_blocked, id=28612, stack(0x000000dd7b300000,0x000000dd7b400000)]
  0x00000284fef9b000 JavaThread "Reference Handler" daemon [_thread_blocked, id=26360, stack(0x000000dd7ba00000,0x000000dd7bb00000)]
  0x00000284fefa6000 JavaThread "Finalizer" daemon [_thread_blocked, id=19252, stack(0x000000dd7bb00000,0x000000dd7bc00000)]
  0x00000284ff932800 JavaThread "Signal Dispatcher" daemon [_thread_blocked, id=27636, stack(0x000000dd7bc00000,0x000000dd7bd00000)]
  0x00000284fefbb000 JavaThread "Attach Listener" daemon [_thread_blocked, id=14920, stack(0x000000dd7bd00000,0x000000dd7be00000)]
  0x00000284fefbb800 JavaThread "Service Thread" daemon [_thread_blocked, id=27288, stack(0x000000dd7be00000,0x000000dd7bf00000)]
=>0x00000284fefbc800 JavaThread "C2 CompilerThread0" daemon [_thread_in_native, id=27804, stack(0x000000dd7bf00000,0x000000dd7c000000)]
  0x00000284fefca800 JavaThread "C1 CompilerThread0" daemon [_thread_blocked, id=7884, stack(0x000000dd7c000000,0x000000dd7c100000)]
  0x00000284fefd6800 JavaThread "Sweeper thread" daemon [_thread_blocked, id=17416, stack(0x000000dd7c100000,0x000000dd7c200000)]
  0x00000284ffa84800 JavaThread "Common-Cleaner" daemon [_thread_blocked, id=8684, stack(0x000000dd7c200000,0x000000dd7c300000)]
  0x00000284854fe800 JavaThread "Daemon health stats" [_thread_blocked, id=6412, stack(0x000000dd7c600000,0x000000dd7c700000)]
  0x00000284853de800 JavaThread "Incoming local TCP Connector on port 64441" [_thread_in_native, id=18264, stack(0x000000dd7c500000,0x000000dd7c600000)]
  0x0000028485597000 JavaThread "Daemon periodic checks" [_thread_blocked, id=26060, stack(0x000000dd7c900000,0x000000dd7ca00000)]
  0x000002848618a000 JavaThread "Cache worker for file hash cache (C:\Users\maula\.gradle\caches\7.0.2\fileHashes)" [_thread_blocked, id=21916, stack(0x000000dd7d100000,0x000000dd7d200000)]
  0x0000028486186000 JavaThread "File lock request listener" [_thread_in_native, id=2796, stack(0x000000dd7d200000,0x000000dd7d300000)]
  0x000002848618b000 JavaThread "Cache worker for journal cache (C:\Users\maula\.gradle\caches\journal-1)" [_thread_blocked, id=2024, stack(0x000000dd7d800000,0x000000dd7d900000)]
  0x0000028486188800 JavaThread "File watcher server" daemon [_thread_in_native, id=8344, stack(0x000000dd7da00000,0x000000dd7db00000)]
  0x0000028486187000 JavaThread "File watcher consumer" daemon [_thread_blocked, id=21152, stack(0x000000dd7db00000,0x000000dd7dc00000)]
  0x0000028487dee800 JavaThread "Cache worker for execution history cache (C:\Users\maula\.gradle\caches\7.0.2\executionHistory)" [_thread_blocked, id=12164, stack(0x000000dd7df00000,0x000000dd7e000000)]
  0x0000028487df1000 JavaThread "jar transforms" [_thread_blocked, id=26804, stack(0x000000dd7e000000,0x000000dd7e100000)]
  0x0000028487df3800 JavaThread "jar transforms Thread 2" [_thread_blocked, id=25476, stack(0x000000dd7e100000,0x000000dd7e200000)]
  0x0000028487df0000 JavaThread "Cache worker for file content cache (C:\Users\maula\.gradle\caches\7.0.2\fileContent)" [_thread_blocked, id=21436, stack(0x000000dd7e200000,0x000000dd7e300000)]
  0x0000028487df7800 JavaThread "jar transforms Thread 3" [_thread_blocked, id=13916, stack(0x000000dd7e400000,0x000000dd7e500000)]
  0x0000028487df7000 JavaThread "jar transforms Thread 4" [_thread_blocked, id=28860, stack(0x000000dd7ee00000,0x000000dd7ef00000)]
  0x00000284889bd800 JavaThread "jar transforms Thread 5" [_thread_blocked, id=24796, stack(0x000000dd7ef00000,0x000000dd7f000000)]
  0x00000284889bc800 JavaThread "jar transforms Thread 6" [_thread_blocked, id=21776, stack(0x000000dd7f000000,0x000000dd7f100000)]
  0x00000284889b8800 JavaThread "jar transforms Thread 7" [_thread_blocked, id=15896, stack(0x000000dd7f100000,0x000000dd7f200000)]
  0x00000284889be000 JavaThread "jar transforms Thread 8" [_thread_blocked, id=25752, stack(0x000000dd7f200000,0x000000dd7f300000)]
  0x00000284889b9000 JavaThread "Memory manager" [_thread_blocked, id=804, stack(0x000000dd7f400000,0x000000dd7f500000)]
  0x00000284889c2000 JavaThread "RMI Scheduler(0)" daemon [_thread_blocked, id=6128, stack(0x000000dd00000000,0x000000dd00100000)]
  0x00000284889c3000 JavaThread "RMI GC Daemon" daemon [_thread_blocked, id=11804, stack(0x000000dd00200000,0x000000dd00300000)]
  0x0000028489de9800 JavaThread "RMI TCP Accept-0" daemon [_thread_in_native, id=11864, stack(0x000000dd00300000,0x000000dd00400000)]
  0x0000028489dea000 JavaThread "RMI Reaper" [_thread_blocked, id=3336, stack(0x000000dd00400000,0x000000dd00500000)]
  0x0000028489dec800 JavaThread "Cache worker for Java compile cache (C:\Users\maula\.gradle\caches\7.0.2\javaCompile)" [_thread_blocked, id=6040, stack(0x000000dd00800000,0x000000dd00900000)]
  0x0000028489ded800 JavaThread "ForkJoinPool.commonPool-worker-3" daemon [_thread_blocked, id=30324, stack(0x000000dd00600000,0x000000dd00700000)]
  0x0000028489de7800 JavaThread "ForkJoinPool.commonPool-worker-5" daemon [_thread_blocked, id=10652, stack(0x000000dd00a00000,0x000000dd00b00000)]
  0x0000028489de8800 JavaThread "ForkJoinPool.commonPool-worker-9" daemon [_thread_blocked, id=26088, stack(0x000000dd00c00000,0x000000dd00d00000)]
  0x0000028489df4800 JavaThread "ForkJoinPool.commonPool-worker-11" daemon [_thread_blocked, id=22364, stack(0x000000dd00d00000,0x000000dd00e00000)]
  0x00000284889c7000 JavaThread "ForkJoinPool.commonPool-worker-13" daemon [_thread_blocked, id=23896, stack(0x000000dd01400000,0x000000dd01500000)]
  0x0000028489df3000 JavaThread "ForkJoinPool.commonPool-worker-15" daemon [_thread_blocked, id=19764, stack(0x000000dd01500000,0x000000dd01600000)]
  0x0000028489deb800 JavaThread "Daemon Thread 2" [_thread_blocked, id=20076, stack(0x000000dd00100000,0x000000dd00200000)]
  0x0000028489de7000 JavaThread "Handler for socket connection from /127.0.0.1:64441 to /127.0.0.1:64806" [_thread_in_native, id=9816, stack(0x000000dd00500000,0x000000dd00600000)]
  0x0000028489de6000 JavaThread "Cancel handler" [_thread_blocked, id=6316, stack(0x000000dd00700000,0x000000dd00800000)]
  0x0000028489dee000 JavaThread "Daemon worker Thread 2" [_thread_in_Java, id=22732, stack(0x000000dd00900000,0x000000dd00a00000)]
  0x0000028489def000 JavaThread "Asynchronous log dispatcher for DefaultDaemonConnection: socket connection from /127.0.0.1:64441 to /127.0.0.1:64806" [_thread_blocked, id=15000, stack(0x000000dd00b00000,0x000000dd00c00000)]
  0x0000028489df0000 JavaThread "Stdin handler" [_thread_blocked, id=6304, stack(0x000000dd00e00000,0x000000dd00f00000)]
  0x0000028489df0800 JavaThread "Daemon client event forwarder" [_thread_blocked, id=25492, stack(0x000000dd00f00000,0x000000dd01000000)]
  0x0000028489deb000 JavaThread "Cache worker for file hash cache (C:\Users\maula\AndroidStudioProjects\Weather\.gradle\7.0.2\fileHashes)" [_thread_blocked, id=30944, stack(0x000000dd01000000,0x000000dd01100000)]
  0x0000028489df4000 JavaThread "Cache worker for checksums cache (C:\Users\maula\AndroidStudioProjects\Weather\.gradle\checksums)" [_thread_blocked, id=28896, stack(0x000000dd01100000,0x000000dd01200000)]
  0x0000028489df1800 JavaThread "Cache worker for cache directory md-supplier (C:\Users\maula\.gradle\caches\7.0.2\md-supplier)" [_thread_blocked, id=4120, stack(0x000000dd01200000,0x000000dd01300000)]
  0x0000028489df2800 JavaThread "Cache worker for cache directory md-rule (C:\Users\maula\.gradle\caches\7.0.2\md-rule)" [_thread_blocked, id=29168, stack(0x000000dd01300000,0x000000dd01400000)]
  0x0000028487df2000 JavaThread "Cache worker for dependencies-accessors (C:\Users\maula\AndroidStudioProjects\Weather\.gradle\7.0.2\dependencies-accessors)" [_thread_blocked, id=27692, stack(0x000000dd01600000,0x000000dd01700000)]

Other Threads:
  0x00000284fef99800 VMThread "VM Thread" [stack: 0x000000dd7b900000,0x000000dd7ba00000] [id=4972]
  0x00000284ffa91000 WatcherThread [stack: 0x000000dd7c300000,0x000000dd7c400000] [id=27168]
  0x00000284e8b49000 GCTaskThread "GC Thread#0" [stack: 0x000000dd7b400000,0x000000dd7b500000] [id=27544]
  0x00000284845d7000 GCTaskThread "GC Thread#1" [stack: 0x000000dd7c400000,0x000000dd7c500000] [id=11948]
  0x0000028485d10000 GCTaskThread "GC Thread#2" [stack: 0x000000dd7c700000,0x000000dd7c800000] [id=26168]
  0x000002848563a800 GCTaskThread "GC Thread#3" [stack: 0x000000dd7c800000,0x000000dd7c900000] [id=24568]
  0x0000028485a89000 GCTaskThread "GC Thread#4" [stack: 0x000000dd7d300000,0x000000dd7d400000] [id=24552]
  0x0000028484e67800 GCTaskThread "GC Thread#5" [stack: 0x000000dd7d400000,0x000000dd7d500000] [id=24948]
  0x0000028484fe2000 GCTaskThread "GC Thread#6" [stack: 0x000000dd7d500000,0x000000dd7d600000] [id=18580]
  0x00000284846e3800 GCTaskThread "GC Thread#7" [stack: 0x000000dd7d600000,0x000000dd7d700000] [id=28536]
  0x00000284e8b7d800 ConcurrentGCThread "G1 Main Marker" [stack: 0x000000dd7b500000,0x000000dd7b600000] [id=28352]
  0x00000284e8b7e800 ConcurrentGCThread "G1 Conc#0" [stack: 0x000000dd7b600000,0x000000dd7b700000] [id=23332]
  0x000002848469a800 ConcurrentGCThread "G1 Conc#1" [stack: 0x000000dd7d700000,0x000000dd7d800000] [id=22224]
  0x00000284e8c02800 ConcurrentGCThread "G1 Refine#0" [stack: 0x000000dd7b700000,0x000000dd7b800000] [id=31060]
  0x00000284e8c05800 ConcurrentGCThread "G1 Young RemSet Sampling" [stack: 0x000000dd7b800000,0x000000dd7b900000] [id=15036]

Threads with active compile tasks:
C2 CompilerThread0 192144 16193       4       org.gradle.internal.service.DefaultServiceRegistry$OwnServices$ProviderAnalyser::analyseType (114 bytes)

VM state:not at safepoint (normal execution)

VM Mutex/Monitor currently owned by a thread: None

Heap address: 0x0000000080000000, size: 2048 MB, Compressed Oops mode: 32-bit
Narrow klass base: 0x0000000000000000, Narrow klass shift: 3
Compressed class space size: 1073741824 Address: 0x0000000100000000

Heap:
 garbage-first heap   total 230400K, used 135033K [0x0000000080000000, 0x0000000100000000)
  region size 1024K, 9 young (9216K), 1 survivors (1024K)
 Metaspace       used 117879K, capacity 121030K, committed 122060K, reserved 1155072K
  class space    used 14947K, capacity 16176K, committed 16588K, reserved 1048576K
Heap Regions: E=young(eden), S=young(survivor), O=old, HS=humongous(starts), HC=humongous(continues), CS=collection set, F=free, A=archive, TAMS=top-at-mark-start (previous, next)
|   0|0x0000000080000000, 0x0000000080100000, 0x0000000080100000|100%| O|  |TAMS 0x0000000080100000, 0x0000000080000000| Untracked 
|   1|0x0000000080100000, 0x0000000080200000, 0x0000000080200000|100%| O|  |TAMS 0x0000000080200000, 0x0000000080100000| Untracked 
|   2|0x0000000080200000, 0x0000000080300000, 0x0000000080300000|100%| O|  |TAMS 0x0000000080300000, 0x0000000080200000| Untracked 
|   3|0x0000000080300000, 0x0000000080400000, 0x0000000080400000|100%|HS|  |TAMS 0x0000000080400000, 0x0000000080300000| Complete 
|   4|0x0000000080400000, 0x0000000080500000, 0x0000000080500000|100%|HC|  |TAMS 0x0000000080500000, 0x0000000080400000| Complete 
|   5|0x0000000080500000, 0x0000000080600000, 0x0000000080600000|100%|HC|  |TAMS 0x0000000080600000, 0x0000000080500000| Complete 
|   6|0x0000000080600000, 0x0000000080700000, 0x0000000080700000|100%| O|  |TAMS 0x0000000080700000, 0x0000000080600000| Untracked 
|   7|0x0000000080700000, 0x0000000080800000, 0x0000000080800000|100%| O|  |TAMS 0x0000000080800000, 0x0000000080700000| Untracked 
|   8|0x0000000080800000, 0x0000000080900000, 0x0000000080900000|100%| O|  |TAMS 0x0000000080900000, 0x0000000080800000| Untracked 
|   9|0x0000000080900000, 0x0000000080a00000, 0x0000000080a00000|100%| O|  |TAMS 0x0000000080a00000, 0x0000000080900000| Untracked 
|  10|0x0000000080a00000, 0x0000000080a00000, 0x0000000080b00000|  0%| F|  |TAMS 0x0000000080a00000, 0x0000000080a00000| Untracked 
|  11|0x0000000080b00000, 0x0000000080c00000, 0x0000000080c00000|100%| O|  |TAMS 0x0000000080c00000, 0x0000000080b00000| Untracked 
|  12|0x0000000080c00000, 0x0000000080d00000, 0x0000000080d00000|100%| O|  |TAMS 0x0000000080d00000, 0x0000000080c00000| Untracked 
|  13|0x0000000080d00000, 0x0000000080e00000, 0x0000000080e00000|100%| O|  |TAMS 0x0000000080e00000, 0x0000000080d00000| Untracked 
|  14|0x0000000080e00000, 0x0000000080f00000, 0x0000000080f00000|100%| O|  |TAMS 0x0000000080f00000, 0x0000000080e00000| Untracked 
|  15|0x0000000080f00000, 0x0000000081000000, 0x0000000081000000|100%| O|  |TAMS 0x0000000081000000, 0x0000000080f00000| Untracked 
|  16|0x0000000081000000, 0x0000000081100000, 0x0000000081100000|100%| O|  |TAMS 0x0000000081100000, 0x0000000081000000| Untracked 
|  17|0x0000000081100000, 0x0000000081200000, 0x0000000081200000|100%| O|  |TAMS 0x0000000081200000, 0x0000000081100000| Untracked 
|  18|0x0000000081200000, 0x0000000081300000, 0x0000000081300000|100%| O|  |TAMS 0x0000000081300000, 0x0000000081200000| Untracked 
|  19|0x0000000081300000, 0x0000000081400000, 0x0000000081400000|100%| O|  |TAMS 0x0000000081400000, 0x0000000081300000| Untracked 
|  20|0x0000000081400000, 0x0000000081500000, 0x0000000081500000|100%| O|  |TAMS 0x0000000081500000, 0x0000000081400000| Untracked 
|  21|0x0000000081500000, 0x0000000081600000, 0x0000000081600000|100%| O|  |TAMS 0x0000000081600000, 0x0000000081500000| Untracked 
|  22|0x0000000081600000, 0x0000000081700000, 0x0000000081700000|100%| O|  |TAMS 0x0000000081700000, 0x0000000081600000| Untracked 
|  23|0x0000000081700000, 0x0000000081800000, 0x0000000081800000|100%| O|  |TAMS 0x0000000081800000, 0x0000000081700000| Untracked 
|  24|0x0000000081800000, 0x0000000081900000, 0x0000000081900000|100%| O|  |TAMS 0x0000000081900000, 0x0000000081800000| Untracked 
|  25|0x0000000081900000, 0x0000000081a00000, 0x0000000081a00000|100%| O|  |TAMS 0x0000000081a00000, 0x0000000081900000| Untracked 
|  26|0x0000000081a00000, 0x0000000081b00000, 0x0000000081b00000|100%| O|  |TAMS 0x0000000081b00000, 0x0000000081a00000| Untracked 
|  27|0x0000000081b00000, 0x0000000081c00000, 0x0000000081c00000|100%| O|  |TAMS 0x0000000081c00000, 0x0000000081b00000| Untracked 
|  28|0x0000000081c00000, 0x0000000081d00000, 0x0000000081d00000|100%|HS|  |TAMS 0x0000000081d00000, 0x0000000081c00000| Complete 
|  29|0x0000000081d00000, 0x0000000081e00000, 0x0000000081e00000|100%|HS|  |TAMS 0x0000000081e00000, 0x0000000081d00000| Complete 
|  30|0x0000000081e00000, 0x0000000081f00000, 0x0000000081f00000|100%|HS|  |TAMS 0x0000000081f00000, 0x0000000081e00000| Complete 
|  31|0x0000000081f00000, 0x0000000082000000, 0x0000000082000000|100%|HC|  |TAMS 0x0000000082000000, 0x0000000081f00000| Complete 
|  32|0x0000000082000000, 0x0000000082100000, 0x0000000082100000|100%|HC|  |TAMS 0x0000000082100000, 0x0000000082000000| Complete 
|  33|0x0000000082100000, 0x0000000082200000, 0x0000000082200000|100%|HS|  |TAMS 0x0000000082200000, 0x0000000082100000| Complete 
|  34|0x0000000082200000, 0x0000000082300000, 0x0000000082300000|100%|HC|  |TAMS 0x0000000082300000, 0x0000000082200000| Complete 
|  35|0x0000000082300000, 0x0000000082400000, 0x0000000082400000|100%| O|  |TAMS 0x0000000082400000, 0x0000000082300000| Untracked 
|  36|0x0000000082400000, 0x0000000082500000, 0x0000000082500000|100%| O|  |TAMS 0x0000000082500000, 0x0000000082400000| Untracked 
|  37|0x0000000082500000, 0x0000000082600000, 0x0000000082600000|100%| O|  |TAMS 0x0000000082600000, 0x0000000082500000| Untracked 
|  38|0x0000000082600000, 0x0000000082700000, 0x0000000082700000|100%| O|  |TAMS 0x0000000082700000, 0x0000000082600000| Untracked 
|  39|0x0000000082700000, 0x0000000082800000, 0x0000000082800000|100%| O|  |TAMS 0x0000000082800000, 0x0000000082700000| Untracked 
|  40|0x0000000082800000, 0x0000000082900000, 0x0000000082900000|100%| O|  |TAMS 0x0000000082900000, 0x0000000082800000| Untracked 
|  41|0x0000000082900000, 0x0000000082a00000, 0x0000000082a00000|100%| O|  |TAMS 0x0000000082a00000, 0x0000000082900000| Untracked 
|  42|0x0000000082a00000, 0x0000000082b00000, 0x0000000082b00000|100%| O|  |TAMS 0x0000000082b00000, 0x0000000082a00000| Untracked 
|  43|0x0000000082b00000, 0x0000000082c00000, 0x0000000082c00000|100%| O|  |TAMS 0x0000000082c00000, 0x0000000082b00000| Untracked 
|  44|0x0000000082c00000, 0x0000000082d00000, 0x0000000082d00000|100%| O|  |TAMS 0x0000000082d00000, 0x0000000082c00000| Untracked 
|  45|0x0000000082d00000, 0x0000000082e00000, 0x0000000082e00000|100%| O|  |TAMS 0x0000000082e00000, 0x0000000082d00000| Untracked 
|  46|0x0000000082e00000, 0x0000000082f00000, 0x0000000082f00000|100%| O|  |TAMS 0x0000000082f00000, 0x0000000082e00000| Untracked 
|  47|0x0000000082f00000, 0x0000000083000000, 0x0000000083000000|100%| O|  |TAMS 0x0000000083000000, 0x0000000082f00000| Untracked 
|  48|0x0000000083000000, 0x0000000083100000, 0x0000000083100000|100%| O|  |TAMS 0x0000000083100000, 0x0000000083000000| Untracked 
|  49|0x0000000083100000, 0x0000000083200000, 0x0000000083200000|100%| O|  |TAMS 0x0000000083200000, 0x0000000083100000| Untracked 
|  50|0x0000000083200000, 0x0000000083300000, 0x0000000083300000|100%| O|  |TAMS 0x0000000083300000, 0x0000000083200000| Untracked 
|  51|0x0000000083300000, 0x0000000083400000, 0x0000000083400000|100%| O|  |TAMS 0x0000000083400000, 0x0000000083300000| Untracked 
|  52|0x0000000083400000, 0x0000000083500000, 0x0000000083500000|100%| O|  |TAMS 0x0000000083500000, 0x0000000083400000| Untracked 
|  53|0x0000000083500000, 0x0000000083600000, 0x0000000083600000|100%| O|  |TAMS 0x0000000083600000, 0x0000000083500000| Untracked 
|  54|0x0000000083600000, 0x0000000083700000, 0x0000000083700000|100%| O|  |TAMS 0x0000000083700000, 0x0000000083600000| Untracked 
|  55|0x0000000083700000, 0x0000000083800000, 0x0000000083800000|100%| O|  |TAMS 0x0000000083800000, 0x0000000083700000| Untracked 
|  56|0x0000000083800000, 0x0000000083900000, 0x0000000083900000|100%| O|  |TAMS 0x0000000083900000, 0x0000000083800000| Untracked 
|  57|0x0000000083900000, 0x0000000083a00000, 0x0000000083a00000|100%| O|  |TAMS 0x0000000083a00000, 0x0000000083900000| Untracked 
|  58|0x0000000083a00000, 0x0000000083b00000, 0x0000000083b00000|100%| O|  |TAMS 0x0000000083b00000, 0x0000000083a00000| Untracked 
|  59|0x0000000083b00000, 0x0000000083c00000, 0x0000000083c00000|100%| O|  |TAMS 0x0000000083c00000, 0x0000000083b00000| Untracked 
|  60|0x0000000083c00000, 0x0000000083d00000, 0x0000000083d00000|100%| O|  |TAMS 0x0000000083d00000, 0x0000000083c00000| Untracked 
|  61|0x0000000083d00000, 0x0000000083e00000, 0x0000000083e00000|100%| O|  |TAMS 0x0000000083e00000, 0x0000000083d00000| Untracked 
|  62|0x0000000083e00000, 0x0000000083f00000, 0x0000000083f00000|100%| O|  |TAMS 0x0000000083f00000, 0x0000000083e00000| Untracked 
|  63|0x0000000083f00000, 0x0000000084000000, 0x0000000084000000|100%| O|  |TAMS 0x0000000084000000, 0x0000000083f00000| Untracked 
|  64|0x0000000084000000, 0x0000000084100000, 0x0000000084100000|100%| O|  |TAMS 0x0000000084100000, 0x0000000084000000| Untracked 
|  65|0x0000000084100000, 0x0000000084200000, 0x0000000084200000|100%| O|  |TAMS 0x0000000084200000, 0x0000000084100000| Untracked 
|  66|0x0000000084200000, 0x0000000084300000, 0x0000000084300000|100%| O|  |TAMS 0x0000000084300000, 0x0000000084200000| Untracked 
|  67|0x0000000084300000, 0x0000000084400000, 0x0000000084400000|100%| O|  |TAMS 0x0000000084400000, 0x0000000084300000| Untracked 
|  68|0x0000000084400000, 0x0000000084500000, 0x0000000084500000|100%| O|  |TAMS 0x0000000084500000, 0x0000000084400000| Untracked 
|  69|0x0000000084500000, 0x0000000084600000, 0x0000000084600000|100%| O|  |TAMS 0x0000000084600000, 0x0000000084500000| Untracked 
|  70|0x0000000084600000, 0x0000000084700000, 0x0000000084700000|100%| O|  |TAMS 0x0000000084700000, 0x0000000084600000| Untracked 
|  71|0x0000000084700000, 0x0000000084800000, 0x0000000084800000|100%| O|  |TAMS 0x0000000084800000, 0x0000000084700000| Untracked 
|  72|0x0000000084800000, 0x0000000084900000, 0x0000000084900000|100%| O|  |TAMS 0x0000000084900000, 0x0000000084800000| Untracked 
|  73|0x0000000084900000, 0x0000000084a00000, 0x0000000084a00000|100%| O|  |TAMS 0x0000000084a00000, 0x0000000084900000| Untracked 
|  74|0x0000000084a00000, 0x0000000084b00000, 0x0000000084b00000|100%| O|  |TAMS 0x0000000084b00000, 0x0000000084a00000| Untracked 
|  75|0x0000000084b00000, 0x0000000084c00000, 0x0000000084c00000|100%| O|  |TAMS 0x0000000084c00000, 0x0000000084b00000| Untracked 
|  76|0x0000000084c00000, 0x0000000084d00000, 0x0000000084d00000|100%| O|  |TAMS 0x0000000084d00000, 0x0000000084c00000| Untracked 
|  77|0x0000000084d00000, 0x0000000084e00000, 0x0000000084e00000|100%| O|  |TAMS 0x0000000084e00000, 0x0000000084d00000| Untracked 
|  78|0x0000000084e00000, 0x0000000084f00000, 0x0000000084f00000|100%| O|  |TAMS 0x0000000084f00000, 0x0000000084e00000| Untracked 
|  79|0x0000000084f00000, 0x0000000085000000, 0x0000000085000000|100%| O|  |TAMS 0x0000000085000000, 0x0000000084f00000| Untracked 
|  80|0x0000000085000000, 0x0000000085100000, 0x0000000085100000|100%| O|  |TAMS 0x0000000085100000, 0x0000000085000000| Untracked 
|  81|0x0000000085100000, 0x0000000085200000, 0x0000000085200000|100%| O|  |TAMS 0x0000000085200000, 0x0000000085100000| Untracked 
|  82|0x0000000085200000, 0x0000000085300000, 0x0000000085300000|100%| O|  |TAMS 0x0000000085300000, 0x0000000085200000| Untracked 
|  83|0x0000000085300000, 0x0000000085400000, 0x0000000085400000|100%| O|  |TAMS 0x0000000085400000, 0x0000000085300000| Untracked 
|  84|0x0000000085400000, 0x0000000085500000, 0x0000000085500000|100%| O|  |TAMS 0x0000000085500000, 0x0000000085400000| Untracked 
|  85|0x0000000085500000, 0x0000000085600000, 0x0000000085600000|100%| O|  |TAMS 0x0000000085600000, 0x0000000085500000| Untracked 
|  86|0x0000000085600000, 0x0000000085700000, 0x0000000085700000|100%| O|  |TAMS 0x0000000085700000, 0x0000000085600000| Untracked 
|  87|0x0000000085700000, 0x0000000085800000, 0x0000000085800000|100%| O|  |TAMS 0x0000000085800000, 0x0000000085700000| Untracked 
|  88|0x0000000085800000, 0x0000000085900000, 0x0000000085900000|100%|HS|  |TAMS 0x0000000085900000, 0x0000000085800000| Complete 
|  89|0x0000000085900000, 0x0000000085a00000, 0x0000000085a00000|100%|HC|  |TAMS 0x0000000085a00000, 0x0000000085900000| Complete 
|  90|0x0000000085a00000, 0x0000000085b00000, 0x0000000085b00000|100%|HC|  |TAMS 0x0000000085b00000, 0x0000000085a00000| Complete 
|  91|0x0000000085b00000, 0x0000000085c00000, 0x0000000085c00000|100%| O|  |TAMS 0x0000000085c00000, 0x0000000085b00000| Untracked 
|  92|0x0000000085c00000, 0x0000000085d00000, 0x0000000085d00000|100%| O|  |TAMS 0x0000000085d00000, 0x0000000085c00000| Untracked 
|  93|0x0000000085d00000, 0x0000000085e00000, 0x0000000085e00000|100%| O|  |TAMS 0x0000000085e00000, 0x0000000085d00000| Untracked 
|  94|0x0000000085e00000, 0x0000000085f00000, 0x0000000085f00000|100%| O|  |TAMS 0x0000000085f00000, 0x0000000085e00000| Untracked 
|  95|0x0000000085f00000, 0x0000000086000000, 0x0000000086000000|100%| O|  |TAMS 0x0000000086000000, 0x0000000085f00000| Untracked 
|  96|0x0000000086000000, 0x0000000086100000, 0x0000000086100000|100%| O|  |TAMS 0x0000000086100000, 0x0000000086000000| Untracked 
|  97|0x0000000086100000, 0x0000000086200000, 0x0000000086200000|100%| O|  |TAMS 0x0000000086200000, 0x0000000086100000| Untracked 
|  98|0x0000000086200000, 0x0000000086300000, 0x0000000086300000|100%| O|  |TAMS 0x0000000086300000, 0x0000000086200000| Untracked 
|  99|0x0000000086300000, 0x0000000086300000, 0x0000000086400000|  0%| F|  |TAMS 0x0000000086300000, 0x0000000086300000| Untracked 
| 100|0x0000000086400000, 0x0000000086500000, 0x0000000086500000|100%|HS|  |TAMS 0x0000000086500000, 0x0000000086400000| Complete 
| 101|0x0000000086500000, 0x0000000086500000, 0x0000000086600000|  0%| F|  |TAMS 0x0000000086500000, 0x0000000086500000| Untracked 
| 102|0x0000000086600000, 0x0000000086700000, 0x0000000086700000|100%| O|  |TAMS 0x0000000086700000, 0x0000000086600000| Untracked 
| 103|0x0000000086700000, 0x0000000086800000, 0x0000000086800000|100%| O|  |TAMS 0x0000000086800000, 0x0000000086700000| Untracked 
| 104|0x0000000086800000, 0x0000000086900000, 0x0000000086900000|100%| O|  |TAMS 0x0000000086900000, 0x0000000086800000| Untracked 
| 105|0x0000000086900000, 0x0000000086900000, 0x0000000086a00000|  0%| F|  |TAMS 0x0000000086900000, 0x0000000086900000| Untracked 
| 106|0x0000000086a00000, 0x0000000086b00000, 0x0000000086b00000|100%| O|  |TAMS 0x0000000086b00000, 0x0000000086a00000| Untracked 
| 107|0x0000000086b00000, 0x0000000086c00000, 0x0000000086c00000|100%|HS|  |TAMS 0x0000000086c00000, 0x0000000086b00000| Complete 
| 108|0x0000000086c00000, 0x0000000086d00000, 0x0000000086d00000|100%| O|  |TAMS 0x0000000086d00000, 0x0000000086c00000| Untracked 
| 109|0x0000000086d00000, 0x0000000086e00000, 0x0000000086e00000|100%| O|  |TAMS 0x0000000086e00000, 0x0000000086d00000| Untracked 
| 110|0x0000000086e00000, 0x0000000086f00000, 0x0000000086f00000|100%| O|  |TAMS 0x0000000086f00000, 0x0000000086e00000| Untracked 
| 111|0x0000000086f00000, 0x0000000087000000, 0x0000000087000000|100%|HS|  |TAMS 0x0000000087000000, 0x0000000086f00000| Complete 
| 112|0x0000000087000000, 0x0000000087100000, 0x0000000087100000|100%| O|  |TAMS 0x0000000087100000, 0x0000000087000000| Untracked 
| 113|0x0000000087100000, 0x0000000087200000, 0x0000000087200000|100%| O|  |TAMS 0x0000000087200000, 0x0000000087100000| Untracked 
| 114|0x0000000087200000, 0x0000000087300000, 0x0000000087300000|100%| O|  |TAMS 0x0000000087300000, 0x0000000087200000| Untracked 
| 115|0x0000000087300000, 0x0000000087400000, 0x0000000087400000|100%| O|  |TAMS 0x0000000087400000, 0x0000000087300000| Untracked 
| 116|0x0000000087400000, 0x0000000087500000, 0x0000000087500000|100%| O|  |TAMS 0x0000000087500000, 0x0000000087400000| Untracked 
| 117|0x0000000087500000, 0x0000000087600000, 0x0000000087600000|100%| O|  |TAMS 0x0000000087600000, 0x0000000087500000| Untracked 
| 118|0x0000000087600000, 0x0000000087700000, 0x0000000087700000|100%| O|  |TAMS 0x0000000087700000, 0x0000000087600000| Untracked 
| 119|0x0000000087700000, 0x0000000087800000, 0x0000000087800000|100%| O|  |TAMS 0x0000000087800000, 0x0000000087700000| Untracked 
| 120|0x0000000087800000, 0x0000000087900000, 0x0000000087900000|100%| O|  |TAMS 0x0000000087900000, 0x0000000087800000| Untracked 
| 121|0x0000000087900000, 0x0000000087900000, 0x0000000087a00000|  0%| F|  |TAMS 0x0000000087900000, 0x0000000087900000| Untracked 
| 122|0x0000000087a00000, 0x0000000087a00000, 0x0000000087b00000|  0%| F|  |TAMS 0x0000000087a00000, 0x0000000087a00000| Untracked 
| 123|0x0000000087b00000, 0x0000000087c00000, 0x0000000087c00000|100%| O|  |TAMS 0x0000000087ba8200, 0x0000000087b00000| Untracked 
| 124|0x0000000087c00000, 0x0000000087c00000, 0x0000000087d00000|  0%| F|  |TAMS 0x0000000087c00000, 0x0000000087c00000| Untracked 
| 125|0x0000000087d00000, 0x0000000087e00000, 0x0000000087e00000|100%| O|  |TAMS 0x0000000087d00000, 0x0000000087d00000| Untracked 
| 126|0x0000000087e00000, 0x0000000087f00000, 0x0000000087f00000|100%| O|  |TAMS 0x0000000087e00000, 0x0000000087e00000| Untracked 
| 127|0x0000000087f00000, 0x0000000088000000, 0x0000000088000000|100%| O|  |TAMS 0x0000000087f00000, 0x0000000087f00000| Untracked 
| 128|0x0000000088000000, 0x0000000088000000, 0x0000000088100000|  0%| F|  |TAMS 0x0000000088000000, 0x0000000088000000| Untracked 
| 129|0x0000000088100000, 0x0000000088100000, 0x0000000088200000|  0%| F|  |TAMS 0x0000000088100000, 0x0000000088100000| Untracked 
| 130|0x0000000088200000, 0x0000000088200000, 0x0000000088300000|  0%| F|  |TAMS 0x0000000088200000, 0x0000000088200000| Untracked 
| 131|0x0000000088300000, 0x0000000088300000, 0x0000000088400000|  0%| F|  |TAMS 0x0000000088300000, 0x0000000088300000| Untracked 
| 132|0x0000000088400000, 0x0000000088400000, 0x0000000088500000|  0%| F|  |TAMS 0x0000000088400000, 0x0000000088400000| Untracked 
| 133|0x0000000088500000, 0x0000000088500000, 0x0000000088600000|  0%| F|  |TAMS 0x0000000088500000, 0x0000000088500000| Untracked 
| 134|0x0000000088600000, 0x0000000088600000, 0x0000000088700000|  0%| F|  |TAMS 0x0000000088600000, 0x0000000088600000| Untracked 
| 135|0x0000000088700000, 0x0000000088700000, 0x0000000088800000|  0%| F|  |TAMS 0x0000000088700000, 0x0000000088700000| Untracked 
| 136|0x0000000088800000, 0x0000000088800000, 0x0000000088900000|  0%| F|  |TAMS 0x0000000088800000, 0x0000000088800000| Untracked 
| 137|0x0000000088900000, 0x0000000088900000, 0x0000000088a00000|  0%| F|  |TAMS 0x0000000088900000, 0x0000000088900000| Untracked 
| 138|0x0000000088a00000, 0x0000000088a00000, 0x0000000088b00000|  0%| F|  |TAMS 0x0000000088a00000, 0x0000000088a00000| Untracked 
| 139|0x0000000088b00000, 0x0000000088b00000, 0x0000000088c00000|  0%| F|  |TAMS 0x0000000088b00000, 0x0000000088b00000| Untracked 
| 140|0x0000000088c00000, 0x0000000088c00000, 0x0000000088d00000|  0%| F|  |TAMS 0x0000000088c00000, 0x0000000088c00000| Untracked 
| 141|0x0000000088d00000, 0x0000000088d00000, 0x0000000088e00000|  0%| F|  |TAMS 0x0000000088d00000, 0x0000000088d00000| Untracked 
| 142|0x0000000088e00000, 0x0000000088f00000, 0x0000000088f00000|100%| O|  |TAMS 0x0000000088e00000, 0x0000000088e00000| Untracked 
| 143|0x0000000088f00000, 0x0000000089000000, 0x0000000089000000|100%| O|  |TAMS 0x0000000088f00000, 0x0000000088f00000| Untracked 
| 144|0x0000000089000000, 0x0000000089100000, 0x0000000089100000|100%| O|  |TAMS 0x0000000089000000, 0x0000000089000000| Untracked 
| 145|0x0000000089100000, 0x0000000089200000, 0x0000000089200000|100%| O|  |TAMS 0x0000000089100000, 0x0000000089100000| Untracked 
| 146|0x0000000089200000, 0x0000000089236000, 0x0000000089300000| 21%| O|  |TAMS 0x0000000089200000, 0x0000000089200000| Untracked 
| 147|0x0000000089300000, 0x0000000089300000, 0x0000000089400000|  0%| F|  |TAMS 0x0000000089300000, 0x0000000089300000| Untracked 
| 148|0x0000000089400000, 0x0000000089400000, 0x0000000089500000|  0%| F|  |TAMS 0x0000000089400000, 0x0000000089400000| Untracked 
| 149|0x0000000089500000, 0x0000000089500000, 0x0000000089600000|  0%| F|  |TAMS 0x0000000089500000, 0x0000000089500000| Untracked 
| 150|0x0000000089600000, 0x0000000089600000, 0x0000000089700000|  0%| F|  |TAMS 0x0000000089600000, 0x0000000089600000| Untracked 
| 151|0x0000000089700000, 0x0000000089700000, 0x0000000089800000|  0%| F|  |TAMS 0x0000000089700000, 0x0000000089700000| Untracked 
| 152|0x0000000089800000, 0x0000000089800000, 0x0000000089900000|  0%| F|  |TAMS 0x0000000089800000, 0x0000000089800000| Untracked 
| 153|0x0000000089900000, 0x00000000899a8568, 0x0000000089a00000| 65%| S|CS|TAMS 0x0000000089900000, 0x0000000089900000| Complete 
| 154|0x0000000089a00000, 0x0000000089a00000, 0x0000000089b00000|  0%| F|  |TAMS 0x0000000089a00000, 0x0000000089a00000| Untracked 
| 155|0x0000000089b00000, 0x0000000089b00000, 0x0000000089c00000|  0%| F|  |TAMS 0x0000000089b00000, 0x0000000089b00000| Untracked 
| 156|0x0000000089c00000, 0x0000000089c00000, 0x0000000089d00000|  0%| F|  |TAMS 0x0000000089c00000, 0x0000000089c00000| Untracked 
| 157|0x0000000089d00000, 0x0000000089d00000, 0x0000000089e00000|  0%| F|  |TAMS 0x0000000089d00000, 0x0000000089d00000| Untracked 
| 158|0x0000000089e00000, 0x0000000089e00000, 0x0000000089f00000|  0%| F|  |TAMS 0x0000000089e00000, 0x0000000089e00000| Untracked 
| 159|0x0000000089f00000, 0x0000000089f00000, 0x000000008a000000|  0%| F|  |TAMS 0x0000000089f00000, 0x0000000089f00000| Untracked 
| 160|0x000000008a000000, 0x000000008a000000, 0x000000008a100000|  0%| F|  |TAMS 0x000000008a000000, 0x000000008a000000| Untracked 
| 161|0x000000008a100000, 0x000000008a100000, 0x000000008a200000|  0%| F|  |TAMS 0x000000008a100000, 0x000000008a100000| Untracked 
| 162|0x000000008a200000, 0x000000008a200000, 0x000000008a300000|  0%| F|  |TAMS 0x000000008a200000, 0x000000008a200000| Untracked 
| 163|0x000000008a300000, 0x000000008a300000, 0x000000008a400000|  0%| F|  |TAMS 0x000000008a300000, 0x000000008a300000| Untracked 
| 164|0x000000008a400000, 0x000000008a400000, 0x000000008a500000|  0%| F|  |TAMS 0x000000008a400000, 0x000000008a400000| Untracked 
| 165|0x000000008a500000, 0x000000008a500000, 0x000000008a600000|  0%| F|  |TAMS 0x000000008a500000, 0x000000008a500000| Untracked 
| 166|0x000000008a600000, 0x000000008a600000, 0x000000008a700000|  0%| F|  |TAMS 0x000000008a600000, 0x000000008a600000| Untracked 
| 167|0x000000008a700000, 0x000000008a700000, 0x000000008a800000|  0%| F|  |TAMS 0x000000008a700000, 0x000000008a700000| Untracked 
| 168|0x000000008a800000, 0x000000008a800000, 0x000000008a900000|  0%| F|  |TAMS 0x000000008a800000, 0x000000008a800000| Untracked 
| 169|0x000000008a900000, 0x000000008a900000, 0x000000008aa00000|  0%| F|  |TAMS 0x000000008a900000, 0x000000008a900000| Untracked 
| 170|0x000000008aa00000, 0x000000008aa00000, 0x000000008ab00000|  0%| F|  |TAMS 0x000000008aa00000, 0x000000008aa00000| Untracked 
| 171|0x000000008ab00000, 0x000000008ab00000, 0x000000008ac00000|  0%| F|  |TAMS 0x000000008ab00000, 0x000000008ab00000| Untracked 
| 172|0x000000008ac00000, 0x000000008ac00000, 0x000000008ad00000|  0%| F|  |TAMS 0x000000008ac00000, 0x000000008ac00000| Untracked 
| 173|0x000000008ad00000, 0x000000008ad00000, 0x000000008ae00000|  0%| F|  |TAMS 0x000000008ad00000, 0x000000008ad00000| Untracked 
| 174|0x000000008ae00000, 0x000000008ae00000, 0x000000008af00000|  0%| F|  |TAMS 0x000000008ae00000, 0x000000008ae00000| Untracked 
| 175|0x000000008af00000, 0x000000008af00000, 0x000000008b000000|  0%| F|  |TAMS 0x000000008af00000, 0x000000008af00000| Untracked 
| 176|0x000000008b000000, 0x000000008b000000, 0x000000008b100000|  0%| F|  |TAMS 0x000000008b000000, 0x000000008b000000| Untracked 
| 177|0x000000008b100000, 0x000000008b100000, 0x000000008b200000|  0%| F|  |TAMS 0x000000008b100000, 0x000000008b100000| Untracked 
| 178|0x000000008b200000, 0x000000008b200000, 0x000000008b300000|  0%| F|  |TAMS 0x000000008b200000, 0x000000008b200000| Untracked 
| 179|0x000000008b300000, 0x000000008b300000, 0x000000008b400000|  0%| F|  |TAMS 0x000000008b300000, 0x000000008b300000| Untracked 
| 180|0x000000008b400000, 0x000000008b400000, 0x000000008b500000|  0%| F|  |TAMS 0x000000008b400000, 0x000000008b400000| Untracked 
| 181|0x000000008b500000, 0x000000008b500000, 0x000000008b600000|  0%| F|  |TAMS 0x000000008b500000, 0x000000008b500000| Untracked 
| 182|0x000000008b600000, 0x000000008b600000, 0x000000008b700000|  0%| F|  |TAMS 0x000000008b600000, 0x000000008b600000| Untracked 
| 183|0x000000008b700000, 0x000000008b700000, 0x000000008b800000|  0%| F|  |TAMS 0x000000008b700000, 0x000000008b700000| Untracked 
| 184|0x000000008b800000, 0x000000008b800000, 0x000000008b900000|  0%| F|  |TAMS 0x000000008b800000, 0x000000008b800000| Untracked 
| 185|0x000000008b900000, 0x000000008b900000, 0x000000008ba00000|  0%| F|  |TAMS 0x000000008b900000, 0x000000008b900000| Untracked 
| 186|0x000000008ba00000, 0x000000008ba00000, 0x000000008bb00000|  0%| F|  |TAMS 0x000000008ba00000, 0x000000008ba00000| Untracked 
| 187|0x000000008bb00000, 0x000000008bb00000, 0x000000008bc00000|  0%| F|  |TAMS 0x000000008bb00000, 0x000000008bb00000| Untracked 
| 188|0x000000008bc00000, 0x000000008bc00000, 0x000000008bd00000|  0%| F|  |TAMS 0x000000008bc00000, 0x000000008bc00000| Untracked 
| 189|0x000000008bd00000, 0x000000008bd00000, 0x000000008be00000|  0%| F|  |TAMS 0x000000008bd00000, 0x000000008bd00000| Untracked 
| 190|0x000000008be00000, 0x000000008be00000, 0x000000008bf00000|  0%| F|  |TAMS 0x000000008be00000, 0x000000008be00000| Untracked 
| 191|0x000000008bf00000, 0x000000008bf00000, 0x000000008c000000|  0%| F|  |TAMS 0x000000008bf00000, 0x000000008bf00000| Untracked 
| 192|0x000000008c000000, 0x000000008c000000, 0x000000008c100000|  0%| F|  |TAMS 0x000000008c000000, 0x000000008c000000| Untracked 
| 193|0x000000008c100000, 0x000000008c100000, 0x000000008c200000|  0%| F|  |TAMS 0x000000008c100000, 0x000000008c100000| Untracked 
| 194|0x000000008c200000, 0x000000008c200000, 0x000000008c300000|  0%| F|  |TAMS 0x000000008c200000, 0x000000008c200000| Untracked 
| 195|0x000000008c300000, 0x000000008c300000, 0x000000008c400000|  0%| F|  |TAMS 0x000000008c300000, 0x000000008c300000| Untracked 
| 196|0x000000008c400000, 0x000000008c400000, 0x000000008c500000|  0%| F|  |TAMS 0x000000008c400000, 0x000000008c400000| Untracked 
| 197|0x000000008c500000, 0x000000008c500000, 0x000000008c600000|  0%| F|  |TAMS 0x000000008c500000, 0x000000008c500000| Untracked 
| 198|0x000000008c600000, 0x000000008c600000, 0x000000008c700000|  0%| F|  |TAMS 0x000000008c600000, 0x000000008c600000| Untracked 
| 199|0x000000008c700000, 0x000000008c700000, 0x000000008c800000|  0%| F|  |TAMS 0x000000008c700000, 0x000000008c700000| Untracked 
| 200|0x000000008c800000, 0x000000008c800000, 0x000000008c900000|  0%| F|  |TAMS 0x000000008c800000, 0x000000008c800000| Untracked 
| 201|0x000000008c900000, 0x000000008c900000, 0x000000008ca00000|  0%| F|  |TAMS 0x000000008c900000, 0x000000008c900000| Untracked 
| 202|0x000000008ca00000, 0x000000008ca00000, 0x000000008cb00000|  0%| F|  |TAMS 0x000000008ca00000, 0x000000008ca00000| Untracked 
| 203|0x000000008cb00000, 0x000000008cb00000, 0x000000008cc00000|  0%| F|  |TAMS 0x000000008cb00000, 0x000000008cb00000| Untracked 
| 204|0x000000008cc00000, 0x000000008cc00000, 0x000000008cd00000|  0%| F|  |TAMS 0x000000008cc00000, 0x000000008cc00000| Untracked 
| 205|0x000000008cd00000, 0x000000008cd00000, 0x000000008ce00000|  0%| F|  |TAMS 0x000000008cd00000, 0x000000008cd00000| Untracked 
| 206|0x000000008ce00000, 0x000000008ce00000, 0x000000008cf00000|  0%| F|  |TAMS 0x000000008ce00000, 0x000000008ce00000| Untracked 
| 207|0x000000008cf00000, 0x000000008cf00000, 0x000000008d000000|  0%| F|  |TAMS 0x000000008cf00000, 0x000000008cf00000| Untracked 
| 208|0x000000008d000000, 0x000000008d000000, 0x000000008d100000|  0%| F|  |TAMS 0x000000008d000000, 0x000000008d000000| Untracked 
| 209|0x000000008d100000, 0x000000008d100000, 0x000000008d200000|  0%| F|  |TAMS 0x000000008d100000, 0x000000008d100000| Untracked 
| 210|0x000000008d200000, 0x000000008d200000, 0x000000008d300000|  0%| F|  |TAMS 0x000000008d200000, 0x000000008d200000| Untracked 
| 211|0x000000008d300000, 0x000000008d300000, 0x000000008d400000|  0%| F|  |TAMS 0x000000008d300000, 0x000000008d300000| Untracked 
| 212|0x000000008d400000, 0x000000008d400000, 0x000000008d500000|  0%| F|  |TAMS 0x000000008d400000, 0x000000008d400000| Untracked 
| 213|0x000000008d500000, 0x000000008d500000, 0x000000008d600000|  0%| F|  |TAMS 0x000000008d500000, 0x000000008d500000| Untracked 
| 214|0x000000008d600000, 0x000000008d600000, 0x000000008d700000|  0%| F|  |TAMS 0x000000008d600000, 0x000000008d600000| Untracked 
| 215|0x000000008d700000, 0x000000008d700000, 0x000000008d800000|  0%| F|  |TAMS 0x000000008d700000, 0x000000008d700000| Untracked 
| 216|0x000000008d800000, 0x000000008d800000, 0x000000008d900000|  0%| F|  |TAMS 0x000000008d800000, 0x000000008d800000| Untracked 
| 217|0x000000008d900000, 0x000000008d91f3b8, 0x000000008da00000| 12%| E|  |TAMS 0x000000008d900000, 0x000000008d900000| Complete 
| 218|0x000000008da00000, 0x000000008db00000, 0x000000008db00000|100%| E|CS|TAMS 0x000000008da00000, 0x000000008da00000| Complete 
| 219|0x000000008db00000, 0x000000008dc00000, 0x000000008dc00000|100%| E|CS|TAMS 0x000000008db00000, 0x000000008db00000| Complete 
| 220|0x000000008dc00000, 0x000000008dd00000, 0x000000008dd00000|100%| E|CS|TAMS 0x000000008dc00000, 0x000000008dc00000| Complete 
| 221|0x000000008dd00000, 0x000000008de00000, 0x000000008de00000|100%| E|CS|TAMS 0x000000008dd00000, 0x000000008dd00000| Complete 
| 222|0x000000008de00000, 0x000000008df00000, 0x000000008df00000|100%| E|  |TAMS 0x000000008de00000, 0x000000008de00000| Complete 
| 223|0x000000008df00000, 0x000000008e000000, 0x000000008e000000|100%| E|CS|TAMS 0x000000008df00000, 0x000000008df00000| Complete 
| 224|0x000000008e000000, 0x000000008e100000, 0x000000008e100000|100%| E|CS|TAMS 0x000000008e000000, 0x000000008e000000| Complete 

Card table byte_map: [0x00000284fbd60000,0x00000284fc160000] _byte_map_base: 0x00000284fb960000

Marking Bits (Prev, Next): (CMBitMap*) 0x00000284e8b74d20, (CMBitMap*) 0x00000284e8b74ce8
 Prev Bits: [0x0000028480000000, 0x0000028482000000)
 Next Bits: [0x00000284fc560000, 0x00000284fe560000)

Polling page: 0x00000284e6ad0000

Metaspace:

Usage:
  Non-class:    102.40 MB capacity,   100.52 MB ( 98%) used,     1.51 MB (  1%) free+waste,   380.50 KB ( <1%) overhead. 
      Class:     15.80 MB capacity,    14.60 MB ( 92%) used,     1.03 MB (  7%) free+waste,   170.13 KB (  1%) overhead. 
       Both:    118.19 MB capacity,   115.12 MB ( 97%) used,     2.54 MB (  2%) free+waste,   550.63 KB ( <1%) overhead. 

Virtual space:
  Non-class space:      104.00 MB reserved,     103.00 MB (>99%) committed 
      Class space:        1.00 GB reserved,      16.20 MB (  2%) committed 
             Both:        1.10 GB reserved,     119.20 MB ( 11%) committed 

Chunk freelists:
   Non-Class:  490.00 KB
       Class:  368.00 KB
        Both:  858.00 KB

MaxMetaspaceSize: 17179869184.00 GB
CompressedClassSpaceSize: 1.00 GB

CodeHeap 'non-profiled nmethods': size=120000Kb used=7687Kb max_used=7687Kb free=112312Kb
 bounds [0x00000284f4100000, 0x00000284f4890000, 0x00000284fb630000]
CodeHeap 'profiled nmethods': size=120000Kb used=32528Kb max_used=32528Kb free=87471Kb
 bounds [0x00000284ecbd0000, 0x00000284eeba0000, 0x00000284f4100000]
CodeHeap 'non-nmethods': size=5760Kb used=2353Kb max_used=2397Kb free=3406Kb
 bounds [0x00000284ec630000, 0x00000284ec8a0000, 0x00000284ecbd0000]
 total_blobs=16670 nmethods=15688 adapters=892
 compilation: enabled
              stopped_count=0, restarted_count=0
 full_count=0

Compilation events (20 events):
Event: 191.534 Thread 0x00000284fefbc800 nmethod 16185 0x00000284f487fe10 code [0x00000284f4880020, 0x00000284f4881138]
Event: 191.534 Thread 0x00000284fefbc800 16187       4       java.lang.CharacterDataLatin1::isUpperCase (20 bytes)
Event: 191.535 Thread 0x00000284fefbc800 nmethod 16187 0x00000284f4881b90 code [0x00000284f4881d20, 0x00000284f4881db8]
Event: 191.543 Thread 0x00000284fefbc800 16193       4       org.gradle.internal.service.DefaultServiceRegistry$OwnServices$ProviderAnalyser::analyseType (114 bytes)
Event: 191.549 Thread 0x00000284fefca800 16194       3       org.gradle.internal.event.BroadcastDispatch::empty (9 bytes)
Event: 191.550 Thread 0x00000284fefca800 nmethod 16194 0x00000284eeb8cd90 code [0x00000284eeb8cf60, 0x00000284eeb8d2d8]
Event: 191.550 Thread 0x00000284fefca800 16195       3       org.gradle.internal.event.BroadcastDispatch$EmptyDispatch::<init> (7 bytes)
Event: 191.551 Thread 0x00000284fefca800 nmethod 16195 0x00000284eeb8d490 code [0x00000284eeb8d660, 0x00000284eeb8d938]
Event: 191.567 Thread 0x00000284fefca800 16196       3       org.gradle.internal.operations.UnmanagedBuildOperationWrapper::maybeStartUnmanagedThreadOperation (64 bytes)
Event: 191.570 Thread 0x00000284fefca800 nmethod 16196 0x00000284eeb8da90 code [0x00000284eeb8dd20, 0x00000284eeb8e868]
Event: 191.573 Thread 0x00000284fefca800 16197       3       org.gradle.tooling.internal.provider.runner.TaskOriginTracker::started (62 bytes)
Event: 191.587 Thread 0x00000284fefca800 nmethod 16197 0x00000284eeb8ec10 code [0x00000284eeb8ef00, 0x00000284eeb901d8]
Event: 191.587 Thread 0x00000284fefca800 16199       3       com.google.common.cache.LocalCache$Segment::initTable (51 bytes)
Event: 191.589 Thread 0x00000284fefca800 nmethod 16199 0x00000284eeb90790 code [0x00000284eeb90960, 0x00000284eeb90cb8]
Event: 191.654 Thread 0x00000284fefca800 16200   !   3       org.gradle.internal.operations.UnmanagedBuildOperationWrapper::maybeStopUnmanagedThreadOperation (75 bytes)
Event: 191.657 Thread 0x00000284fefca800 nmethod 16200 0x00000284eeb90e10 code [0x00000284eeb91080, 0x00000284eeb91d58]
Event: 191.657 Thread 0x00000284fefca800 16201       3       org.gradle.api.internal.tasks.compile.tooling.JavaCompileTaskSuccessResultPostProcessor::finished (56 bytes)
Event: 191.663 Thread 0x00000284fefca800 nmethod 16201 0x00000284eeb92290 code [0x00000284eeb924c0, 0x00000284eeb92d68]
Event: 191.664 Thread 0x00000284fefca800 16202       3       org.gradle.api.internal.tasks.DefaultTaskContainer::register (17 bytes)
Event: 191.667 Thread 0x00000284fefca800 nmethod 16202 0x00000284eeb93010 code [0x00000284eeb93200, 0x00000284eeb93548]

GC Heap History (20 events):
Event: 113.118 GC heap before
{Heap before GC invocations=78 (full 0):
 garbage-first heap   total 172032K, used 136578K [0x0000000080000000, 0x0000000100000000)
  region size 1024K, 18 young (18432K), 1 survivors (1024K)
 Metaspace       used 105438K, capacity 108155K, committed 108364K, reserved 1142784K
  class space    used 13313K, capacity 14365K, committed 14412K, reserved 1048576K
}
Event: 113.125 GC heap after
{Heap after GC invocations=79 (full 0):
 garbage-first heap   total 172032K, used 121466K [0x0000000080000000, 0x0000000100000000)
  region size 1024K, 2 young (2048K), 2 survivors (2048K)
 Metaspace       used 105438K, capacity 108155K, committed 108364K, reserved 1142784K
  class space    used 13313K, capacity 14365K, committed 14412K, reserved 1048576K
}
Event: 113.841 GC heap before
{Heap before GC invocations=80 (full 0):
 garbage-first heap   total 172032K, used 138874K [0x0000000080000000, 0x0000000100000000)
  region size 1024K, 20 young (20480K), 2 survivors (2048K)
 Metaspace       used 108370K, capacity 111476K, committed 111692K, reserved 1146880K
  class space    used 13954K, capacity 15162K, committed 15180K, reserved 1048576K
}
Event: 113.848 GC heap after
{Heap after GC invocations=81 (full 0):
 garbage-first heap   total 172032K, used 122344K [0x0000000080000000, 0x0000000100000000)
  region size 1024K, 3 young (3072K), 3 survivors (3072K)
 Metaspace       used 108370K, capacity 111476K, committed 111692K, reserved 1146880K
  class space    used 13954K, capacity 15162K, committed 15180K, reserved 1048576K
}
Event: 114.001 GC heap before
{Heap before GC invocations=81 (full 0):
 garbage-first heap   total 172032K, used 126440K [0x0000000080000000, 0x0000000100000000)
  region size 1024K, 8 young (8192K), 3 survivors (3072K)
 Metaspace       used 109645K, capacity 112803K, committed 112972K, reserved 1146880K
  class space    used 14173K, capacity 15420K, committed 15436K, reserved 1048576K
}
Event: 114.063 GC heap after
{Heap after GC invocations=82 (full 0):
 garbage-first heap   total 172032K, used 117338K [0x0000000080000000, 0x0000000100000000)
  region size 1024K, 1 young (1024K), 1 survivors (1024K)
 Metaspace       used 109645K, capacity 112803K, committed 112972K, reserved 1146880K
  class space    used 14173K, capacity 15420K, committed 15436K, reserved 1048576K
}
Event: 114.396 GC heap before
{Heap before GC invocations=82 (full 0):
 garbage-first heap   total 172032K, used 137818K [0x0000000080000000, 0x0000000100000000)
  region size 1024K, 22 young (22528K), 1 survivors (1024K)
 Metaspace       used 112185K, capacity 115641K, committed 115788K, reserved 1148928K
  class space    used 14588K, capacity 15939K, committed 15948K, reserved 1048576K
}
Event: 114.405 GC heap after
{Heap after GC invocations=83 (full 0):
 garbage-first heap   total 172032K, used 118634K [0x0000000080000000, 0x0000000100000000)
  region size 1024K, 2 young (2048K), 2 survivors (2048K)
 Metaspace       used 112185K, capacity 115641K, committed 115788K, reserved 1148928K
  class space    used 14588K, capacity 15939K, committed 15948K, reserved 1048576K
}
Event: 114.909 GC heap before
{Heap before GC invocations=84 (full 0):
 garbage-first heap   total 172032K, used 138090K [0x0000000080000000, 0x0000000100000000)
  region size 1024K, 24 young (24576K), 2 survivors (2048K)
 Metaspace       used 112364K, capacity 115551K, committed 116428K, reserved 1148928K
  class space    used 14464K, capacity 15701K, committed 16076K, reserved 1048576K
}
Event: 114.925 GC heap after
{Heap after GC invocations=85 (full 0):
 garbage-first heap   total 172032K, used 119753K [0x0000000080000000, 0x0000000100000000)
  region size 1024K, 3 young (3072K), 3 survivors (3072K)
 Metaspace       used 112364K, capacity 115551K, committed 116428K, reserved 1148928K
  class space    used 14464K, capacity 15701K, committed 16076K, reserved 1048576K
}
Event: 114.961 GC heap before
{Heap before GC invocations=85 (full 0):
 garbage-first heap   total 172032K, used 124873K [0x0000000080000000, 0x0000000100000000)
  region size 1024K, 8 young (8192K), 3 survivors (3072K)
 Metaspace       used 112388K, capacity 115615K, committed 116684K, reserved 1150976K
  class space    used 14464K, capacity 15701K, committed 16076K, reserved 1048576K
}
Event: 114.970 GC heap after
{Heap after GC invocations=86 (full 0):
 garbage-first heap   total 172032K, used 120156K [0x0000000080000000, 0x0000000100000000)
  region size 1024K, 1 young (1024K), 1 survivors (1024K)
 Metaspace       used 112388K, capacity 115615K, committed 116684K, reserved 1150976K
  class space    used 14464K, capacity 15701K, committed 16076K, reserved 1048576K
}
Event: 115.358 GC heap before
{Heap before GC invocations=86 (full 0):
 garbage-first heap   total 172032K, used 141660K [0x0000000080000000, 0x0000000100000000)
  region size 1024K, 21 young (21504K), 1 survivors (1024K)
 Metaspace       used 113164K, capacity 116441K, committed 117324K, reserved 1150976K
  class space    used 14617K, capacity 15872K, committed 16204K, reserved 1048576K
}
Event: 115.376 GC heap after
{Heap after GC invocations=87 (full 0):
 garbage-first heap   total 172032K, used 129696K [0x0000000080000000, 0x0000000100000000)
  region size 1024K, 3 young (3072K), 3 survivors (3072K)
 Metaspace       used 113164K, capacity 116441K, committed 117324K, reserved 1150976K
  class space    used 14617K, capacity 15872K, committed 16204K, reserved 1048576K
}
Event: 115.850 GC heap before
{Heap before GC invocations=88 (full 0):
 garbage-first heap   total 172032K, used 143008K [0x0000000080000000, 0x0000000100000000)
  region size 1024K, 16 young (16384K), 3 survivors (3072K)
 Metaspace       used 113319K, capacity 116314K, committed 117580K, reserved 1150976K
  class space    used 14541K, capacity 15717K, committed 16204K, reserved 1048576K
}
Event: 115.865 GC heap after
{Heap after GC invocations=89 (full 0):
 garbage-first heap   total 172032K, used 131691K [0x0000000080000000, 0x0000000100000000)
  region size 1024K, 2 young (2048K), 2 survivors (2048K)
 Metaspace       used 113319K, capacity 116314K, committed 117580K, reserved 1150976K
  class space    used 14541K, capacity 15717K, committed 16204K, reserved 1048576K
}
Event: 116.187 GC heap before
{Heap before GC invocations=89 (full 0):
 garbage-first heap   total 172032K, used 152171K [0x0000000080000000, 0x0000000100000000)
  region size 1024K, 8 young (8192K), 2 survivors (2048K)
 Metaspace       used 114331K, capacity 117434K, committed 118476K, reserved 1150976K
  class space    used 14684K, capacity 15880K, committed 16332K, reserved 1048576K
}
Event: 116.203 GC heap after
{Heap after GC invocations=90 (full 0):
 garbage-first heap   total 172032K, used 128920K [0x0000000080000000, 0x0000000100000000)
  region size 1024K, 1 young (1024K), 1 survivors (1024K)
 Metaspace       used 114331K, capacity 117434K, committed 118476K, reserved 1150976K
  class space    used 14684K, capacity 15880K, committed 16332K, reserved 1048576K
}
Event: 116.592 GC heap before
{Heap before GC invocations=90 (full 0):
 garbage-first heap   total 172032K, used 141208K [0x0000000080000000, 0x0000000100000000)
  region size 1024K, 14 young (14336K), 1 survivors (1024K)
 Metaspace       used 116984K, capacity 120170K, committed 121292K, reserved 1155072K
  class space    used 14889K, capacity 16107K, committed 16588K, reserved 1048576K
}
Event: 116.601 GC heap after
{Heap after GC invocations=91 (full 0):
 garbage-first heap   total 230400K, used 128889K [0x0000000080000000, 0x0000000100000000)
  region size 1024K, 1 young (1024K), 1 survivors (1024K)
 Metaspace       used 116984K, capacity 120170K, committed 121292K, reserved 1155072K
  class space    used 14889K, capacity 16107K, committed 16588K, reserved 1048576K
}

Deoptimization events (20 events):
Event: 190.530 Thread 0x0000028489dee000 Uncommon trap: trap_request=0xffffff4d fr.pc=0x00000284f44e5158 relative=0x0000000000000098
Event: 190.531 Thread 0x0000028489dee000 Uncommon trap: reason=unstable_if action=reinterpret pc=0x00000284f44e5158 method=org.gradle.internal.operations.DefaultBuildOperationAncestryTracker.started(Lorg/gradle/internal/operations/BuildOperationDescriptor;Lorg/gradle/internal/operations/Operatio
Event: 190.531 Thread 0x0000028489dee000 DEOPT PACKING pc=0x00000284f44e5158 sp=0x000000dd009fd120
Event: 190.531 Thread 0x0000028489dee000 DEOPT UNPACKING pc=0x00000284ec65662f sp=0x000000dd009fd0a8 mode 2
Event: 190.532 Thread 0x0000028489dee000 Uncommon trap: trap_request=0xffffff4d fr.pc=0x00000284f450432c relative=0x0000000000000bec
Event: 190.533 Thread 0x0000028489dee000 Uncommon trap: reason=unstable_if action=reinterpret pc=0x00000284f450432c method=org.gradle.tooling.internal.provider.runner.SubtreeFilteringBuildOperationListener.started(Lorg/gradle/internal/operations/BuildOperationDescriptor;Lorg/gradle/internal/oper
Event: 190.533 Thread 0x0000028489dee000 DEOPT PACKING pc=0x00000284f450432c sp=0x000000dd009fd0c0
Event: 190.533 Thread 0x0000028489dee000 DEOPT UNPACKING pc=0x00000284ec65662f sp=0x000000dd009fd098 mode 2
Event: 190.534 Thread 0x0000028489dee000 Uncommon trap: trap_request=0xffffff4d fr.pc=0x00000284f4852e28 relative=0x0000000000006008
Event: 190.534 Thread 0x0000028489dee000 Uncommon trap: reason=unstable_if action=reinterpret pc=0x00000284f4852e28 method=org.gradle.internal.logging.sink.OutputEventTransformer.onOutput(Lorg/gradle/internal/logging/events/OutputEvent;)V @ 84 c2
Event: 190.534 Thread 0x0000028489dee000 DEOPT PACKING pc=0x00000284f4852e28 sp=0x000000dd009fcf10
Event: 190.534 Thread 0x0000028489dee000 DEOPT UNPACKING pc=0x00000284ec65662f sp=0x000000dd009fcf08 mode 2
Event: 190.905 Thread 0x0000028489dee000 Uncommon trap: trap_request=0xffffffbe fr.pc=0x00000284f4871e08 relative=0x0000000000000a08
Event: 190.905 Thread 0x0000028489dee000 Uncommon trap: reason=profile_predicate action=maybe_recompile pc=0x00000284f4871e08 method=com.google.common.collect.RegularImmutableMap.createHashTable([Ljava/lang/Object;III)[I @ 99 c2
Event: 190.905 Thread 0x0000028489dee000 DEOPT PACKING pc=0x00000284f4871e08 sp=0x000000dd009f9f80
Event: 190.905 Thread 0x0000028489dee000 DEOPT UNPACKING pc=0x00000284ec65662f sp=0x000000dd009f9f00 mode 2
Event: 191.515 Thread 0x0000028489dee000 Uncommon trap: trap_request=0xffffffde fr.pc=0x00000284f45d5eec relative=0x000000000000180c
Event: 191.515 Thread 0x0000028489dee000 Uncommon trap: reason=class_check action=maybe_recompile pc=0x00000284f45d5eec method=com.google.common.cache.LocalCache$Segment.getLiveValue(Lcom/google/common/cache/ReferenceEntry;J)Ljava/lang/Object; @ 21 c2
Event: 191.515 Thread 0x0000028489dee000 DEOPT PACKING pc=0x00000284f45d5eec sp=0x000000dd009fbce0
Event: 191.515 Thread 0x0000028489dee000 DEOPT UNPACKING pc=0x00000284ec65662f sp=0x000000dd009fbc18 mode 2

Classes redefined (0 events):
No events

Internal exceptions (20 events):
Event: 114.671 Thread 0x0000028489df4000 Exception <a 'sun/nio/fs/WindowsException'{0x0000000089fe8068}> (0x0000000089fe8068) thrown at [./src/hotspot/share/prims/jni.cpp, line 615]
Event: 114.678 Thread 0x0000028489df4000 Exception <a 'sun/nio/fs/WindowsException'{0x0000000089ff7568}> (0x0000000089ff7568) thrown at [./src/hotspot/share/prims/jni.cpp, line 615]
Event: 114.687 Thread 0x0000028489df4000 Exception <a 'sun/nio/fs/WindowsException'{0x0000000089ed5290}> (0x0000000089ed5290) thrown at [./src/hotspot/share/prims/jni.cpp, line 615]
Event: 114.693 Thread 0x0000028489df4000 Exception <a 'sun/nio/fs/WindowsException'{0x0000000089ee3328}> (0x0000000089ee3328) thrown at [./src/hotspot/share/prims/jni.cpp, line 615]
Event: 114.697 Thread 0x0000028489df4000 Exception <a 'sun/nio/fs/WindowsException'{0x0000000089eec0e0}> (0x0000000089eec0e0) thrown at [./src/hotspot/share/prims/jni.cpp, line 615]
Event: 114.771 Thread 0x00000284889c4800 Exception <a 'java/lang/NoSuchMethodError'{0x0000000089cc02a0}: <clinit>> (0x0000000089cc02a0) thrown at [./src/hotspot/share/prims/jni.cpp, line 1362]
Event: 114.772 Thread 0x00000284889c4800 Exception <a 'java/lang/NoSuchMethodError'{0x0000000089cd2748}: <clinit>> (0x0000000089cd2748) thrown at [./src/hotspot/share/prims/jni.cpp, line 1362]
Event: 114.850 Thread 0x0000028489df0800 Exception <a 'sun/nio/fs/WindowsException'{0x00000000899d83a8}> (0x00000000899d83a8) thrown at [./src/hotspot/share/prims/jni.cpp, line 615]
Event: 115.030 Thread 0x00000284889c7000 Implicit null exception at 0x00000284f42648af to 0x00000284f42649a0
Event: 115.030 Thread 0x000002848bf60000 Implicit null exception at 0x00000284f42648af to 0x00000284f42649a0
Event: 115.031 Thread 0x000002848bf62000 Implicit null exception at 0x00000284f42648af to 0x00000284f42649a0
Event: 115.030 Thread 0x000002848bf5c000 Implicit null exception at 0x00000284f42648af to 0x00000284f42649a0
Event: 115.523 Thread 0x000002848bf5f800 Exception <a 'sun/nio/fs/WindowsException'{0x000000008a492aa8}> (0x000000008a492aa8) thrown at [./src/hotspot/share/prims/jni.cpp, line 615]
Event: 115.837 Thread 0x00000284889c4800 Exception <a 'java/lang/NoSuchMethodError'{0x0000000089b37c60}: <clinit>> (0x0000000089b37c60) thrown at [./src/hotspot/share/prims/jni.cpp, line 1362]
Event: 116.183 Thread 0x0000028489df0000 Exception <a 'java/lang/NoSuchMethodError'{0x000000008a2d8d28}: 'java.lang.Object java.lang.invoke.DirectMethodHandle$Holder.invokeVirtual(java.lang.Object, java.lang.Object, int)'> (0x000000008a2d8d28) thrown at [./src/hotspot/share/interpreter/linkResolver.cpp, line 773]
Event: 116.343 Thread 0x0000028486037800 Implicit null exception at 0x00000284f451e1c8 to 0x00000284f451f5bc
Event: 124.714 Thread 0x0000028485597000 Implicit null exception at 0x00000284f414a4f7 to 0x00000284f414aa6c
Event: 124.719 Thread 0x0000028485597000 Implicit null exception at 0x00000284f439f8f4 to 0x00000284f439ff88
Event: 190.532 Thread 0x0000028489dee000 Implicit null exception at 0x00000284f4503782 to 0x00000284f4504310
Event: 190.534 Thread 0x0000028489dee000 Implicit null exception at 0x00000284f484cec9 to 0x00000284f4852e14

Events (20 events):
Event: 190.490 Executing VM operation: RevokeBias
Event: 190.491 Executing VM operation: RevokeBias done
Event: 190.515 Executing VM operation: RevokeBias
Event: 190.515 Executing VM operation: RevokeBias done
Event: 190.524 Executing VM operation: RevokeBias
Event: 190.524 Executing VM operation: RevokeBias done
Event: 190.524 Executing VM operation: RevokeBias
Event: 190.525 Executing VM operation: RevokeBias done
Event: 190.812 Thread 0x0000028489df4000 Thread added: 0x0000028489df4000
Event: 190.840 Thread 0x0000028489df1800 Thread added: 0x0000028489df1800
Event: 190.887 Thread 0x0000028489df2800 Thread added: 0x0000028489df2800
Event: 190.965 Executing VM operation: RevokeBias
Event: 190.967 Executing VM operation: RevokeBias done
Event: 190.967 Executing VM operation: RevokeBias
Event: 190.967 Executing VM operation: RevokeBias done
Event: 191.526 Thread 0x0000028487df2000 Thread added: 0x0000028487df2000
Event: 191.613 Executing VM operation: RevokeBias
Event: 191.614 Executing VM operation: RevokeBias done
Event: 191.641 Executing VM operation: RevokeBias
Event: 191.641 Executing VM operation: RevokeBias done


Dynamic libraries:
0x00007ff726a40000 - 0x00007ff726a4a000 	C:\Program Files\Android\Android Studio\jre\bin\java.exe
0x00007ff89fdc0000 - 0x00007ff89ffc9000 	C:\WINDOWS\SYSTEM32\ntdll.dll
0x00007ff89dc60000 - 0x00007ff89dd1d000 	C:\WINDOWS\System32\KERNEL32.DLL
0x00007ff89d680000 - 0x00007ff89d9f4000 	C:\WINDOWS\System32\KERNELBASE.dll
0x00007ff89da00000 - 0x00007ff89db11000 	C:\WINDOWS\System32\ucrtbase.dll
0x00007ff88a630000 - 0x00007ff88a647000 	C:\Program Files\Android\Android Studio\jre\bin\VCRUNTIME140.dll
0x00007ff8899e0000 - 0x00007ff8899f9000 	C:\Program Files\Android\Android Studio\jre\bin\jli.dll
0x00007ff89f1b0000 - 0x00007ff89f35c000 	C:\WINDOWS\System32\USER32.dll
0x00007ff88d7c0000 - 0x00007ff88da65000 	C:\WINDOWS\WinSxS\amd64_microsoft.windows.common-controls_6595b64144ccf1df_6.0.22000.120_none_9d947278b86cc467\COMCTL32.dll
0x00007ff89d5e0000 - 0x00007ff89d606000 	C:\WINDOWS\System32\win32u.dll
0x00007ff89e0e0000 - 0x00007ff89e109000 	C:\WINDOWS\System32\GDI32.dll
0x00007ff89e8d0000 - 0x00007ff89e973000 	C:\WINDOWS\System32\msvcrt.dll
0x00007ff89d420000 - 0x00007ff89d532000 	C:\WINDOWS\System32\gdi32full.dll
0x00007ff89d540000 - 0x00007ff89d5dd000 	C:\WINDOWS\System32\msvcp_win.dll
0x00007ff89dee0000 - 0x00007ff89df11000 	C:\WINDOWS\System32\IMM32.DLL
0x00007ff87c700000 - 0x00007ff87c79d000 	C:\Program Files\Android\Android Studio\jre\bin\msvcp140.dll
0x00007ff828b60000 - 0x00007ff829635000 	C:\Program Files\Android\Android Studio\jre\bin\server\jvm.dll
0x00007ff89dd20000 - 0x00007ff89ddce000 	C:\WINDOWS\System32\ADVAPI32.dll
0x00007ff89e040000 - 0x00007ff89e0de000 	C:\WINDOWS\System32\sechost.dll
0x00007ff89e110000 - 0x00007ff89e230000 	C:\WINDOWS\System32\RPCRT4.dll
0x00007ff89ded0000 - 0x00007ff89ded8000 	C:\WINDOWS\System32\PSAPI.DLL
0x00007ff897ba0000 - 0x00007ff897bd3000 	C:\WINDOWS\SYSTEM32\WINMM.dll
0x00007ff898310000 - 0x00007ff898319000 	C:\WINDOWS\SYSTEM32\WSOCK32.dll
0x00007ff89de60000 - 0x00007ff89decf000 	C:\WINDOWS\System32\WS2_32.dll
0x00007ff8959c0000 - 0x00007ff8959ca000 	C:\WINDOWS\SYSTEM32\VERSION.dll
0x00007ff89c3b0000 - 0x00007ff89c3c8000 	C:\WINDOWS\SYSTEM32\kernel.appcore.dll
0x00007ff897670000 - 0x00007ff897681000 	C:\Program Files\Android\Android Studio\jre\bin\verify.dll
0x00007ff89acb0000 - 0x00007ff89aed1000 	C:\WINDOWS\SYSTEM32\DBGHELP.DLL
0x00007ff8951b0000 - 0x00007ff8951e1000 	C:\WINDOWS\SYSTEM32\dbgcore.DLL
0x00007ff89db20000 - 0x00007ff89db9f000 	C:\WINDOWS\System32\bcryptPrimitives.dll
0x00007ff897640000 - 0x00007ff897669000 	C:\Program Files\Android\Android Studio\jre\bin\java.dll
0x00007ff897d80000 - 0x00007ff897d8b000 	C:\Program Files\Android\Android Studio\jre\bin\jimage.dll
0x00007ff897620000 - 0x00007ff897638000 	C:\Program Files\Android\Android Studio\jre\bin\zip.dll
0x00007ff89ea00000 - 0x00007ff89f1ae000 	C:\WINDOWS\System32\SHELL32.dll
0x00007ff89b3f0000 - 0x00007ff89bc57000 	C:\WINDOWS\SYSTEM32\windows.storage.dll
0x00007ff89f360000 - 0x00007ff89f6d8000 	C:\WINDOWS\System32\combase.dll
0x00007ff89b280000 - 0x00007ff89b3e6000 	C:\WINDOWS\SYSTEM32\wintypes.dll
0x00007ff89fab0000 - 0x00007ff89fb9a000 	C:\WINDOWS\System32\SHCORE.dll
0x00007ff89f6f0000 - 0x00007ff89f74d000 	C:\WINDOWS\System32\shlwapi.dll
0x00007ff89d1e0000 - 0x00007ff89d201000 	C:\WINDOWS\SYSTEM32\profapi.dll
0x00007ff894860000 - 0x00007ff89487a000 	C:\Program Files\Android\Android Studio\jre\bin\net.dll
0x00007ff897fe0000 - 0x00007ff8980ec000 	C:\WINDOWS\SYSTEM32\WINHTTP.dll
0x00007ff89c7e0000 - 0x00007ff89c847000 	C:\WINDOWS\system32\mswsock.dll
0x00007ff8932c0000 - 0x00007ff8932d4000 	C:\Program Files\Android\Android Studio\jre\bin\nio.dll
0x00007ff88a990000 - 0x00007ff88a9b7000 	C:\Users\maula\.gradle\native\8bec1ad78214c89d9ad589b4d07fe93259594b29d510b10fafb7a158f7737e5d\windows-amd64\native-platform.dll
0x00007ff8777e0000 - 0x00007ff87791d000 	C:\Users\maula\.gradle\native\53dbd7edfb1c66fb8903c78663c9afc45aea4f116125fa6feffd364cf09443e8\windows-amd64\native-platform-file-events.dll
0x00007ff895ad0000 - 0x00007ff895ada000 	C:\Program Files\Android\Android Studio\jre\bin\management.dll
0x00007ff895ab0000 - 0x00007ff895abd000 	C:\Program Files\Android\Android Studio\jre\bin\management_ext.dll
0x00007ff89ca20000 - 0x00007ff89ca38000 	C:\WINDOWS\SYSTEM32\CRYPTSP.dll
0x00007ff89c310000 - 0x00007ff89c345000 	C:\WINDOWS\system32\rsaenh.dll
0x00007ff89c8d0000 - 0x00007ff89c8f9000 	C:\WINDOWS\SYSTEM32\USERENV.dll
0x00007ff89cc10000 - 0x00007ff89cc37000 	C:\WINDOWS\SYSTEM32\bcrypt.dll
0x00007ff89ca40000 - 0x00007ff89ca4c000 	C:\WINDOWS\SYSTEM32\CRYPTBASE.dll
0x00007ff89beb0000 - 0x00007ff89bedd000 	C:\WINDOWS\SYSTEM32\IPHLPAPI.DLL
0x00007ff89f6e0000 - 0x00007ff89f6e9000 	C:\WINDOWS\System32\NSI.dll
0x00007ff897440000 - 0x00007ff897459000 	C:\WINDOWS\SYSTEM32\dhcpcsvc6.DLL
0x00007ff897720000 - 0x00007ff89773e000 	C:\WINDOWS\SYSTEM32\dhcpcsvc.DLL
0x00007ff89bee0000 - 0x00007ff89bfc7000 	C:\WINDOWS\SYSTEM32\DNSAPI.dll
0x00007ff889720000 - 0x00007ff88973e000 	C:\Users\maula\AppData\Local\Temp\native-platform15324995315796473632dir\native-platform.dll
0x00007ff891b70000 - 0x00007ff891b78000 	C:\Program Files\Android\Android Studio\jre\bin\rmi.dll
0x00007ff888460000 - 0x00007ff888477000 	C:\WINDOWS\system32\napinsp.dll
0x00007ff8871a0000 - 0x00007ff8871bb000 	C:\WINDOWS\system32\pnrpnsp.dll
0x00007ff881670000 - 0x00007ff881682000 	C:\WINDOWS\System32\winrnr.dll
0x00007ff896240000 - 0x00007ff896255000 	C:\WINDOWS\system32\wshbth.dll
0x00007ff881650000 - 0x00007ff88166f000 	C:\WINDOWS\system32\nlansp_c.dll
0x00007ff8959b0000 - 0x00007ff8959ba000 	C:\Windows\System32\rasadhlp.dll
0x00007ff895bd0000 - 0x00007ff895c51000 	C:\WINDOWS\System32\fwpuclnt.dll

dbghelp: loaded successfully - version: 4.0.5 - missing functions: none
symbol engine: initialized successfully - sym options: 0x614 - pdb path: .;C:\Program Files\Android\Android Studio\jre\bin;C:\WINDOWS\SYSTEM32;C:\WINDOWS\WinSxS\amd64_microsoft.windows.common-controls_6595b64144ccf1df_6.0.22000.120_none_9d947278b86cc467;C:\Program Files\Android\Android Studio\jre\bin\server;C:\Users\maula\.gradle\native\8bec1ad78214c89d9ad589b4d07fe93259594b29d510b10fafb7a158f7737e5d\windows-amd64;C:\Users\maula\.gradle\native\53dbd7edfb1c66fb8903c78663c9afc45aea4f116125fa6feffd364cf09443e8\windows-amd64;C:\Users\maula\AppData\Local\Temp\native-platform15324995315796473632dir

VM Arguments:
jvm_args: --add-opens=java.base/java.util=ALL-UNNAMED --add-opens=java.base/java.lang=ALL-UNNAMED --add-opens=java.base/java.lang.invoke=ALL-UNNAMED --add-opens=java.base/java.util=ALL-UNNAMED --add-opens=java.prefs/java.util.prefs=ALL-UNNAMED --add-opens=java.prefs/java.util.prefs=ALL-UNNAMED --add-opens=java.base/java.nio.charset=ALL-UNNAMED --add-opens=java.base/java.net=ALL-UNNAMED --add-opens=java.base/java.util.concurrent.atomic=ALL-UNNAMED -Xmx2048m -Dfile.encoding=UTF-8 -Duser.country=US -Duser.language=en -Duser.variant 
java_command: org.gradle.launcher.daemon.bootstrap.GradleDaemon 7.0.2
java_class_path (initial): C:\Users\maula\.gradle\wrapper\dists\gradle-7.0.2-bin\857tjihv64xamwrf0h14cai3r\gradle-7.0.2\lib\gradle-launcher-7.0.2.jar
Launcher Type: SUN_STANDARD

[Global flags]
     intx CICompilerCount                          = 4                                         {product} {ergonomic}
     uint ConcGCThreads                            = 2                                         {product} {ergonomic}
     uint G1ConcRefinementThreads                  = 8                                         {product} {ergonomic}
   size_t G1HeapRegionSize                         = 1048576                                   {product} {ergonomic}
    uintx GCDrainStackTargetSize                   = 64                                        {product} {ergonomic}
   size_t InitialHeapSize                          = 100663296                                 {product} {ergonomic}
   size_t MarkStackSize                            = 4194304                                   {product} {ergonomic}
   size_t MaxHeapSize                              = 2147483648                                {product} {command line}
   size_t MaxNewSize                               = 1287651328                                {product} {ergonomic}
   size_t MinHeapDeltaBytes                        = 1048576                                   {product} {ergonomic}
    uintx NonNMethodCodeHeapSize                   = 5836300                                {pd product} {ergonomic}
    uintx NonProfiledCodeHeapSize                  = 122910970                              {pd product} {ergonomic}
    uintx ProfiledCodeHeapSize                     = 122910970                              {pd product} {ergonomic}
    uintx ReservedCodeCacheSize                    = 251658240                              {pd product} {ergonomic}
     bool SegmentedCodeCache                       = true                                      {product} {ergonomic}
     bool UseCompressedClassPointers               = true                                 {lp64_product} {ergonomic}
     bool UseCompressedOops                        = true                                 {lp64_product} {ergonomic}
     bool UseG1GC                                  = true                                      {product} {ergonomic}
     bool UseLargePagesIndividualAllocation        = false                                  {pd product} {ergonomic}

Logging:
Log output configuration:
 #0: stdout all=warning uptime,level,tags
 #1: stderr all=off uptime,level,tags

Environment Variables:
JAVA_HOME=C:\Program Files\Java\jdk1.8.0_291
JRE_HOME=C:\Program Files\Java\jre1.8.0_291
PATH=C:\Program Files\Common Files\Oracle\Java\javapath;C:\Python39\Scripts\;C:\Python39\;C:\Program Files (x86)\Common Files\Oracle\Java\javapath;C:\WINDOWS\system32;C:\WINDOWS;C:\WINDOWS\System32\Wbem;C:\WINDOWS\System32\WindowsPowerShell\v1.0\;C:\WINDOWS\System32\OpenSSH\;C:\Program Files\Git\cmd;C:\ProgramData\chocolatey\bin;C:\Program Files\PuTTY\;C:\Program Files\nodejs\;C:\Users\maula\AppData\Local\Microsoft\WindowsApps;C:\Developer\flutter\bin;C:\tools\dart-sdk\bin;C:\Users\maula\AppData\Roaming\Pub\Cache\bin;C:\platform-tools;C:\scrcpy-win64;C:\Users\maula\AppData\Local\Programs\Microsoft VS Code\bin;C:\Users\maula\AppData\Roaming\npm;C:\MinGW\bin;C:\xampp\php;C:\Users\maula\composer;C:\Users\maula\AppData\Roaming\Composer\vendor\bin;C:\Program Files\Java\jdk-16.0.2\bin;C:\Program Files\Java\jre1.8.0_291\bin;
USERNAME=maula
OS=Windows_NT
PROCESSOR_IDENTIFIER=AMD64 Family 23 Model 24 Stepping 1, AuthenticAMD



---------------  S Y S T E M  ---------------

OS: Windows 10 , 64 bit Build 22000 (10.0.22000.434)
OS uptime: 4 days 19:39 hours

CPU:total 8 (initial active 8) (8 cores per cpu, 2 threads per core) family 23 model 24 stepping 1 microcode 0x0, cmov, cx8, fxsr, mmx, sse, sse2, sse3, ssse3, sse4.1, sse4.2, popcnt, avx, avx2, aes, clmul, mmxext, 3dnowpref, lzcnt, sse4a, ht, tsc, tscinvbit, tscinv, bmi1, bmi2, adx, s

Memory: 4k page, system-wide physical 6091M (279M free)
TotalPageFile size 24523M (AvailPageFile size 3M)
current process WorkingSet (physical memory assigned to process): 107M, peak: 413M
current process commit charge ("private bytes"): 560M, peak: 566M

vm_info: OpenJDK 64-Bit Server VM (11.0.11+9-b60-7590822) for windows-amd64 JRE (11.0.11+9-b60-7590822), built on Jul 29 2021 21:43:44 by "builder" with MS VC++ 14.0 (VS2015)

END.
